14:11:19: Creating resource group General
14:11:19: Creating resource group Internal
14:11:19: Creating resource group Autodetect
14:11:19: SceneManagerFactory for type 'DefaultSceneManager' registered.
14:11:19: Registering ResourceManager for type Material
14:11:19: Registering ResourceManager for type Mesh
14:11:19: Registering ResourceManager for type Skeleton
14:11:19: MovableObjectFactory for type 'ParticleSystem' registered.
14:11:19: ArchiveFactory for archive type FileSystem registered.
14:11:19: ArchiveFactory for archive type Zip registered.
14:11:19: ArchiveFactory for archive type EmbeddedZip registered.
14:11:19: DDS codec registering
14:11:19: ETC codec registering
14:11:19: stb_image - v2.15 - public domain JPEG/PNG reader
14:11:19: Supported formats: jpeg,jpg,png,bmp,psd,tga,gif,pic,ppm,pgm,hdr
14:11:19: Registering ResourceManager for type HighLevelGpuProgram
14:11:19: Registering ResourceManager for type Compositor
14:11:19: MovableObjectFactory for type 'Entity' registered.
14:11:19: MovableObjectFactory for type 'Light' registered.
14:11:19: MovableObjectFactory for type 'BillboardSet' registered.
14:11:19: MovableObjectFactory for type 'ManualObject' registered.
14:11:19: MovableObjectFactory for type 'BillboardChain' registered.
14:11:19: MovableObjectFactory for type 'RibbonTrail' registered.
14:11:19: FileNotFoundException: 'C:\Users\rmanciaux\Desktop\OGRENGINE\bin\Release\Config\plugins.cfg' file not found! in ConfigFile::load at C:\Users\rmanciaux\Desktop\ogre-1.10.10\OgreMain\src\OgreConfigFile.cpp (line 74)
14:11:19: C:\Users\rmanciaux\Desktop\OGRENGINE\bin\Release\Config\plugins.cfg not found, automatic plugin loading disabled.
14:11:19: *-*-* OGRE Initialising
14:11:19: *-*-* Version 1.10.10 (Xalafu)
14:11:19: *-*-* OGRE Shutdown
14:11:19: Unregistering ResourceManager for type Compositor
14:11:19: Unregistering ResourceManager for type Skeleton
14:11:19: Unregistering ResourceManager for type Mesh
14:11:19: Unregistering ResourceManager for type HighLevelGpuProgram
14:11:19: Unregistering ResourceManager for type Material
